app/build/intermediates/manifest_merge_blame_file/debug/processDebugMainManifest/manifest-merger-blame-debug-report.txt
1<?xml version="1.0" encoding="utf-8"?>
2<manifest xmlns:android="http://schemas.android.com/apk/res/android"
3    package="com.pixelish.search"
4    android:versionCode="1"
5    android:versionName="1.0" >
6
7    <uses-sdk
8        android:minSdkVersion="31"
9        android:targetSdkVersion="35" />
10
11    <!-- Permission pour requêter les apps installées (Android 11+) -->
12    <queries>
12-->src/main/AndroidManifest.xml:5:5-10:15
13        <intent>
13-->src/main/AndroidManifest.xml:6:9-9:18
14            <action android:name="android.intent.action.MAIN" />
14-->src/main/AndroidManifest.xml:7:13-65
14-->src/main/AndroidManifest.xml:7:21-62
15
16            <category android:name="android.intent.category.LAUNCHER" />
16-->src/main/AndroidManifest.xml:8:13-73
16-->src/main/AndroidManifest.xml:8:23-70
17        </intent>
18    </queries>
19
20    <!-- Permissions optionnelles -->
21    <uses-permission android:name="android.permission.READ_CONTACTS" />
21-->src/main/AndroidManifest.xml:13:5-72
21-->src/main/AndroidManifest.xml:13:22-69
22    <uses-permission android:name="android.permission.INTERNET" />
22-->src/main/AndroidManifest.xml:14:5-67
22-->src/main/AndroidManifest.xml:14:22-64
23    <uses-permission android:name="android.permission.RECEIVE_BOOT_COMPLETED" />
23-->src/main/AndroidManifest.xml:15:5-81
23-->src/main/AndroidManifest.xml:15:22-78
24
25    <permission
25-->[androidx.core:core:1.13.1] AndroidManifest.xml:22:5-24:47
26        android:name="com.pixelish.search.DYNAMIC_RECEIVER_NOT_EXPORTED_PERMISSION"
26-->[androidx.core:core:1.13.1] AndroidManifest.xml:23:9-81
27        android:protectionLevel="signature" />
27-->[androidx.core:core:1.13.1] AndroidManifest.xml:24:9-44
28
29    <uses-permission android:name="com.pixelish.search.DYNAMIC_RECEIVER_NOT_EXPORTED_PERMISSION" />
29-->[androidx.core:core:1.13.1] AndroidManifest.xml:26:5-97
29-->[androidx.core:core:1.13.1] AndroidManifest.xml:26:22-94
30
31    <application
31-->src/main/AndroidManifest.xml:17:5-60:19
32        android:name="com.pixelish.search.PixelishApp"
32-->src/main/AndroidManifest.xml:18:9-36
33        android:allowBackup="true"
33-->src/main/AndroidManifest.xml:22:9-35
34        android:appComponentFactory="androidx.core.app.CoreComponentFactory"
34-->[androidx.core:core:1.13.1] AndroidManifest.xml:28:18-86
35        android:debuggable="true"
36        android:extractNativeLibs="false"
37        android:icon="@android:drawable/ic_menu_search"
37-->src/main/AndroidManifest.xml:20:9-56
38        android:label="PixelishSearch"
38-->src/main/AndroidManifest.xml:19:9-39
39        android:supportsRtl="true"
39-->src/main/AndroidManifest.xml:23:9-35
40        android:testOnly="true"
41        android:theme="@style/Theme.PixelishSearch" >
41-->src/main/AndroidManifest.xml:21:9-52
42
43        <!-- Activity de recherche, transparente, animée depuis le bas -->
44        <activity
44-->src/main/AndroidManifest.xml:26:9-37:20
45            android:name="com.pixelish.search.MainActivity"
45-->src/main/AndroidManifest.xml:27:13-41
46            android:excludeFromRecents="true"
46-->src/main/AndroidManifest.xml:32:13-46
47            android:exported="true"
47-->src/main/AndroidManifest.xml:28:13-36
48            android:launchMode="singleTask"
48-->src/main/AndroidManifest.xml:31:13-44
49            android:theme="@style/Theme.PixelishSearch.Transparent"
49-->src/main/AndroidManifest.xml:29:13-68
50            android:windowSoftInputMode="stateAlwaysVisible|adjustResize" >
50-->src/main/AndroidManifest.xml:30:13-74
51            <intent-filter>
51-->src/main/AndroidManifest.xml:33:13-36:29
52                <action android:name="android.intent.action.MAIN" />
52-->src/main/AndroidManifest.xml:7:13-65
52-->src/main/AndroidManifest.xml:7:21-62
53
54                <category android:name="android.intent.category.LAUNCHER" />
54-->src/main/AndroidManifest.xml:8:13-73
54-->src/main/AndroidManifest.xml:8:23-70
55            </intent-filter>
56        </activity>
57
58        <!-- Widget homescreen -->
59        <receiver
59-->src/main/AndroidManifest.xml:40:9-49:20
60            android:name="com.pixelish.search.widget.SearchWidget"
60-->src/main/AndroidManifest.xml:41:13-48
61            android:exported="true" >
61-->src/main/AndroidManifest.xml:42:13-36
62            <intent-filter>
62-->src/main/AndroidManifest.xml:43:13-45:29
63                <action android:name="android.appwidget.action.APPWIDGET_UPDATE" />
63-->src/main/AndroidManifest.xml:44:17-84
63-->src/main/AndroidManifest.xml:44:25-81
64            </intent-filter>
65
66            <meta-data
66-->src/main/AndroidManifest.xml:46:13-48:55
67                android:name="android.appwidget.provider"
67-->src/main/AndroidManifest.xml:47:17-58
68                android:resource="@xml/widget_info" />
68-->src/main/AndroidManifest.xml:48:17-52
69        </receiver>
70
71        <!-- Pré-charge l'index au boot pour cold start ultra-rapide -->
72        <receiver
72-->src/main/AndroidManifest.xml:52:9-58:20
73            android:name="com.pixelish.search.data.BootReceiver"
73-->src/main/AndroidManifest.xml:53:13-46
74            android:exported="true" >
74-->src/main/AndroidManifest.xml:54:13-36
75            <intent-filter>
75-->src/main/AndroidManifest.xml:55:13-57:29
76                <action android:name="android.intent.action.BOOT_COMPLETED" />
76-->src/main/AndroidManifest.xml:56:17-79
76-->src/main/AndroidManifest.xml:56:25-76
77            </intent-filter>
78        </receiver>
79
80        <activity
80-->[androidx.compose.ui:ui-tooling-android:1.7.6] AndroidManifest.xml:23:9-25:39
81            android:name="androidx.compose.ui.tooling.PreviewActivity"
81-->[androidx.compose.ui:ui-tooling-android:1.7.6] AndroidManifest.xml:24:13-71
82            android:exported="true" />
82-->[androidx.compose.ui:ui-tooling-android:1.7.6] AndroidManifest.xml:25:13-36
83
84        <provider
84-->[androidx.emoji2:emoji2:1.3.0] AndroidManifest.xml:24:9-32:20
85            android:name="androidx.startup.InitializationProvider"
85-->[androidx.emoji2:emoji2:1.3.0] AndroidManifest.xml:25:13-67
86            android:authorities="com.pixelish.search.androidx-startup"
86-->[androidx.emoji2:emoji2:1.3.0] AndroidManifest.xml:26:13-68
87            android:exported="false" >
87-->[androidx.emoji2:emoji2:1.3.0] AndroidManifest.xml:27:13-37
88            <meta-data
88-->[androidx.emoji2:emoji2:1.3.0] AndroidManifest.xml:29:13-31:52
89                android:name="androidx.emoji2.text.EmojiCompatInitializer"
89-->[androidx.emoji2:emoji2:1.3.0] AndroidManifest.xml:30:17-75
90                android:value="androidx.startup" />
90-->[androidx.emoji2:emoji2:1.3.0] AndroidManifest.xml:31:17-49
91            <meta-data
91-->[androidx.lifecycle:lifecycle-process:2.8.7] AndroidManifest.xml:29:13-31:52
92                android:name="androidx.lifecycle.ProcessLifecycleInitializer"
92-->[androidx.lifecycle:lifecycle-process:2.8.7] AndroidManifest.xml:30:17-78
93                android:value="androidx.startup" />
93-->[androidx.lifecycle:lifecycle-process:2.8.7] AndroidManifest.xml:31:17-49
94            <meta-data
94-->[androidx.profileinstaller:profileinstaller:1.3.1] AndroidManifest.xml:29:13-31:52
95                android:name="androidx.profileinstaller.ProfileInstallerInitializer"
95-->[androidx.profileinstaller:profileinstaller:1.3.1] AndroidManifest.xml:30:17-85
96                android:value="androidx.startup" />
96-->[androidx.profileinstaller:profileinstaller:1.3.1] AndroidManifest.xml:31:17-49
97        </provider>
98
99        <receiver
99-->[androidx.profileinstaller:profileinstaller:1.3.1] AndroidManifest.xml:34:9-52:20
100            android:name="androidx.profileinstaller.ProfileInstallReceiver"
100-->[androidx.profileinstaller:profileinstaller:1.3.1] AndroidManifest.xml:35:13-76
101            android:directBootAware="false"
101-->[androidx.profileinstaller:profileinstaller:1.3.1] AndroidManifest.xml:36:13-44
102            android:enabled="true"
102-->[androidx.profileinstaller:profileinstaller:1.3.1] AndroidManifest.xml:37:13-35
103            android:exported="true"
103-->[androidx.profileinstaller:profileinstaller:1.3.1] AndroidManifest.xml:38:13-36
104            android:permission="android.permission.DUMP" >
104-->[androidx.profileinstaller:profileinstaller:1.3.1] AndroidManifest.xml:39:13-57
105            <intent-filter>
105-->[androidx.profileinstaller:profileinstaller:1.3.1] AndroidManifest.xml:40:13-42:29
106                <action android:name="androidx.profileinstaller.action.INSTALL_PROFILE" />
106-->[androidx.profileinstaller:profileinstaller:1.3.1] AndroidManifest.xml:41:17-91
106-->[androidx.profileinstaller:profileinstaller:1.3.1] AndroidManifest.xml:41:25-88
107            </intent-filter>
108            <intent-filter>
108-->[androidx.profileinstaller:profileinstaller:1.3.1] AndroidManifest.xml:43:13-45:29
109                <action android:name="androidx.profileinstaller.action.SKIP_FILE" />
109-->[androidx.profileinstaller:profileinstaller:1.3.1] AndroidManifest.xml:44:17-85
109-->[androidx.profileinstaller:profileinstaller:1.3.1] AndroidManifest.xml:44:25-82
110            </intent-filter>
111            <intent-filter>
111-->[androidx.profileinstaller:profileinstaller:1.3.1] AndroidManifest.xml:46:13-48:29
112                <action android:name="androidx.profileinstaller.action.SAVE_PROFILE" />
112-->[androidx.profileinstaller:profileinstaller:1.3.1] AndroidManifest.xml:47:17-88
112-->[androidx.profileinstaller:profileinstaller:1.3.1] AndroidManifest.xml:47:25-85
113            </intent-filter>
114            <intent-filter>
114-->[androidx.profileinstaller:profileinstaller:1.3.1] AndroidManifest.xml:49:13-51:29
115                <action android:name="androidx.profileinstaller.action.BENCHMARK_OPERATION" />
115-->[androidx.profileinstaller:profileinstaller:1.3.1] AndroidManifest.xml:50:17-95
115-->[androidx.profileinstaller:profileinstaller:1.3.1] AndroidManifest.xml:50:25-92
116            </intent-filter>
117        </receiver>
118    </application>
119
120</manifest>